2024-10-21 12:25:03 INFO  c.W.A.BankingWalletApplication - Starting BankingWalletApplication using Java 17.0.11 with PID 23768 (E:\projects\Banking-Wallet-Application\target\classes started by Yuvraj.Nashi in E:\projects\Banking-Wallet-Application)
2024-10-21 12:25:03 INFO  c.W.A.BankingWalletApplication - No active profile set, falling back to 1 default profile: "default"
2024-10-21 12:25:05 INFO  o.s.d.r.c.RepositoryConfigurationDelegate - Multiple Spring Data modules found, entering strict repository configuration mode
2024-10-21 12:25:05 INFO  o.s.d.r.c.RepositoryConfigurationDelegate - Bootstrapping Spring Data JPA repositories in DEFAULT mode.
2024-10-21 12:25:06 INFO  o.s.d.r.c.RepositoryConfigurationDelegate - Finished Spring Data repository scanning in 305 ms. Found 5 JPA repository interfaces.
2024-10-21 12:25:06 INFO  o.s.d.r.c.RepositoryConfigurationDelegate - Multiple Spring Data modules found, entering strict repository configuration mode
2024-10-21 12:25:06 INFO  o.s.d.r.c.RepositoryConfigurationDelegate - Bootstrapping Spring Data Redis repositories in DEFAULT mode.
2024-10-21 12:25:06 INFO  o.s.d.r.c.RepositoryConfigurationExtensionSupport - Spring Data Redis - Could not safely identify store assignment for repository candidate interface com.Wallet.Application.module.Refferel.Repository.ReferralCodeRepository; If you want this repository to be a Redis repository, consider annotating your entities with one of these annotations: org.springframework.data.redis.core.RedisHash (preferred), or consider extending one of the following types with your repository: org.springframework.data.keyvalue.repository.KeyValueRepository
2024-10-21 12:25:06 INFO  o.s.d.r.c.RepositoryConfigurationExtensionSupport - Spring Data Redis - Could not safely identify store assignment for repository candidate interface com.Wallet.Application.module.Transactions.productTransectionLimite.repository.ProductDetailsRepository; If you want this repository to be a Redis repository, consider annotating your entities with one of these annotations: org.springframework.data.redis.core.RedisHash (preferred), or consider extending one of the following types with your repository: org.springframework.data.keyvalue.repository.KeyValueRepository
2024-10-21 12:25:06 INFO  o.s.d.r.c.RepositoryConfigurationExtensionSupport - Spring Data Redis - Could not safely identify store assignment for repository candidate interface com.Wallet.Application.module.Transactions.transectionhoistoty.TransactionHistoryRepository; If you want this repository to be a Redis repository, consider annotating your entities with one of these annotations: org.springframework.data.redis.core.RedisHash (preferred), or consider extending one of the following types with your repository: org.springframework.data.keyvalue.repository.KeyValueRepository
2024-10-21 12:25:06 INFO  o.s.d.r.c.RepositoryConfigurationExtensionSupport - Spring Data Redis - Could not safely identify store assignment for repository candidate interface com.Wallet.Application.module.Transactions.transectionlimite.repository.MontlyLimiteRepository; If you want this repository to be a Redis repository, consider annotating your entities with one of these annotations: org.springframework.data.redis.core.RedisHash (preferred), or consider extending one of the following types with your repository: org.springframework.data.keyvalue.repository.KeyValueRepository
2024-10-21 12:25:06 INFO  o.s.d.r.c.RepositoryConfigurationExtensionSupport - Spring Data Redis - Could not safely identify store assignment for repository candidate interface com.Wallet.Application.Repository.UserRepository; If you want this repository to be a Redis repository, consider annotating your entities with one of these annotations: org.springframework.data.redis.core.RedisHash (preferred), or consider extending one of the following types with your repository: org.springframework.data.keyvalue.repository.KeyValueRepository
2024-10-21 12:25:06 INFO  o.s.d.r.c.RepositoryConfigurationDelegate - Finished Spring Data repository scanning in 29 ms. Found 0 Redis repository interfaces.
2024-10-21 12:25:07 INFO  o.s.b.w.e.tomcat.TomcatWebServer - Tomcat initialized with port 8080 (http)
2024-10-21 12:25:07 INFO  o.a.catalina.core.StandardService - Starting service [Tomcat]
2024-10-21 12:25:07 INFO  o.a.catalina.core.StandardEngine - Starting Servlet engine: [Apache Tomcat/10.1.30]
2024-10-21 12:25:07 INFO  o.a.c.c.C.[Tomcat].[localhost].[/] - Initializing Spring embedded WebApplicationContext
2024-10-21 12:25:07 INFO  o.s.b.w.s.c.ServletWebServerApplicationContext - Root WebApplicationContext: initialization completed in 4500 ms
2024-10-21 12:25:08 INFO  o.h.jpa.internal.util.LogHelper - HHH000204: Processing PersistenceUnitInfo [name: default]
2024-10-21 12:25:08 INFO  org.hibernate.Version - HHH000412: Hibernate ORM core version 6.5.3.Final
2024-10-21 12:25:08 INFO  o.h.c.i.RegionFactoryInitiator - HHH000026: Second-level cache disabled
2024-10-21 12:25:08 INFO  o.s.o.j.p.SpringPersistenceUnitInfo - No LoadTimeWeaver setup: ignoring JPA class transformer
2024-10-21 12:25:08 INFO  com.zaxxer.hikari.HikariDataSource - HikariPool-1 - Starting...
2024-10-21 12:25:09 INFO  com.zaxxer.hikari.pool.HikariPool - HikariPool-1 - Added connection org.postgresql.jdbc.PgConnection@69a73867
2024-10-21 12:25:09 INFO  com.zaxxer.hikari.HikariDataSource - HikariPool-1 - Start completed.
2024-10-21 12:25:09 WARN  org.hibernate.orm.deprecation - HHH90000025: PostgreSQLDialect does not need to be specified explicitly using 'hibernate.dialect' (remove the property setting and it will be selected by default)
2024-10-21 12:25:10 INFO  o.h.e.t.j.p.i.JtaPlatformInitiator - HHH000489: No JTA platform available (set 'hibernate.transaction.jta.platform' to enable JTA platform integration)
2024-10-21 12:25:10 INFO  o.s.o.j.LocalContainerEntityManagerFactoryBean - Initialized JPA EntityManagerFactory for persistence unit 'default'
2024-10-21 12:25:12 INFO  o.s.s.c.a.a.c.InitializeAuthenticationProviderBeanManagerConfigurer$InitializeAuthenticationProviderManagerConfigurer - Global AuthenticationManager configured with AuthenticationProvider bean with name authenticationProvider
2024-10-21 12:25:12 WARN  o.s.s.c.a.a.c.InitializeUserDetailsBeanManagerConfigurer$InitializeUserDetailsManagerConfigurer - Global AuthenticationManager configured with an AuthenticationProvider bean. UserDetailsService beans will not be used for username/password login. Consider removing the AuthenticationProvider bean. Alternatively, consider using the UserDetailsService in a manually instantiated DaoAuthenticationProvider.
2024-10-21 12:25:12 INFO  o.s.d.j.r.query.QueryEnhancerFactory - Hibernate is in classpath; If applicable, HQL parser will be used.
2024-10-21 12:25:12 WARN  o.s.b.a.o.j.JpaBaseConfiguration$JpaWebConfiguration - spring.jpa.open-in-view is enabled by default. Therefore, database queries may be performed during view rendering. Explicitly configure spring.jpa.open-in-view to disable this warning
2024-10-21 12:25:13 DEBUG o.s.w.s.m.m.a.RequestMappingHandlerMapping - 19 mappings in 'requestMappingHandlerMapping'
2024-10-21 12:25:13 DEBUG o.s.w.s.h.SimpleUrlHandlerMapping - Patterns [/webjars/**, /**] in 'resourceHandlerMapping'
2024-10-21 12:25:13 DEBUG o.s.w.s.m.m.a.RequestMappingHandlerAdapter - ControllerAdvice beans: 0 @ModelAttribute, 0 @InitBinder, 1 RequestBodyAdvice, 1 ResponseBodyAdvice
2024-10-21 12:25:13 DEBUG o.s.w.s.m.m.a.ExceptionHandlerExceptionResolver - ControllerAdvice beans: 1 @ExceptionHandler, 1 ResponseBodyAdvice
2024-10-21 12:25:14 INFO  o.s.b.w.e.tomcat.TomcatWebServer - Tomcat started on port 8080 (http) with context path '/'
2024-10-21 12:25:14 INFO  c.W.A.BankingWalletApplication - Started BankingWalletApplication in 11.816 seconds (process running for 12.694)
2024-10-21 12:26:03 INFO  o.a.c.c.C.[Tomcat].[localhost].[/] - Initializing Spring DispatcherServlet 'dispatcherServlet'
2024-10-21 12:26:03 INFO  o.s.web.servlet.DispatcherServlet - Initializing Servlet 'dispatcherServlet'
2024-10-21 12:26:03 DEBUG o.s.web.servlet.DispatcherServlet - Detected StandardServletMultipartResolver
2024-10-21 12:26:03 DEBUG o.s.web.servlet.DispatcherServlet - Detected AcceptHeaderLocaleResolver
2024-10-21 12:26:03 DEBUG o.s.web.servlet.DispatcherServlet - Detected FixedThemeResolver
2024-10-21 12:26:03 DEBUG o.s.web.servlet.DispatcherServlet - Detected org.springframework.web.servlet.view.DefaultRequestToViewNameTranslator@32fa956b
2024-10-21 12:26:03 DEBUG o.s.web.servlet.DispatcherServlet - Detected org.springframework.web.servlet.support.SessionFlashMapManager@65a42136
2024-10-21 12:26:03 DEBUG o.s.web.servlet.DispatcherServlet - enableLoggingRequestDetails='false': request parameters and headers will be masked to prevent unsafe logging of potentially sensitive data
2024-10-21 12:26:03 INFO  o.s.web.servlet.DispatcherServlet - Completed initialization in 6 ms
2024-10-21 12:26:04 DEBUG o.s.web.servlet.DispatcherServlet - POST "/api/v1/auth/login", parameters={}
2024-10-21 12:26:04 DEBUG o.s.w.s.m.m.a.RequestMappingHandlerMapping - Mapped to com.Wallet.Application.module.security.authentication.AuthController#authenticate(AuthRequest)
2024-10-21 12:26:04 DEBUG o.s.w.s.m.m.a.RequestResponseBodyMethodProcessor - Read "application/json;charset=UTF-8" to [AuthRequest(email=dwd@kk.aa, password=dwdw)]
2024-10-21 12:26:04 DEBUG org.hibernate.SQL - 
    select
        u1_0.user_id,
        u1_0.account_balance,
        u1_0.account_number,
        u1_0.address,
        u1_0.alternative_phone_number,
        u1_0.created_date_time,
        u1_0.daily_limit,
        u1_0.email,
        u1_0.email_verified,
        u1_0.first_name,
        u1_0.gender,
        u1_0.is_active,
        u1_0.last_name,
        u1_0.last_transaction_date,
        u1_0.modified_at,
        u1_0.other_name,
        u1_0.password,
        u1_0.phone_number,
        u1_0.phone_number_verified,
        u1_0.referral_id,
        u1_0.role,
        u1_0.spent_today,
        u1_0.state_of_origin,
        u1_0.status 
    from
        apna_users u1_0 
    where
        u1_0.email=?
2024-10-21 12:26:04 DEBUG o.s.w.s.m.m.a.ExceptionHandlerExceptionResolver - Using @ExceptionHandler com.Wallet.Application.module.security.exception.GlobalExceptionHandler#handleBadCredentialsException(BadCredentialsException)
2024-10-21 12:26:04 DEBUG o.s.w.s.m.m.a.HttpEntityMethodProcessor - Using 'application/json', given [application/json, text/plain, */*] and supported [text/plain, */*, application/json, application/*+json]
2024-10-21 12:26:04 DEBUG o.s.w.s.m.m.a.HttpEntityMethodProcessor - Writing ["Invalid username or password"]
2024-10-21 12:26:04 DEBUG o.s.w.s.m.m.a.ExceptionHandlerExceptionResolver - Resolved [org.springframework.security.authentication.BadCredentialsException: Bad credentials]
2024-10-21 12:26:05 DEBUG o.s.web.servlet.DispatcherServlet - Completed 401 UNAUTHORIZED
2024-10-21 12:27:07 DEBUG o.s.web.servlet.DispatcherServlet - POST "/api/v1/auth/login", parameters={}
2024-10-21 12:27:07 DEBUG o.s.w.s.m.m.a.RequestMappingHandlerMapping - Mapped to com.Wallet.Application.module.security.authentication.AuthController#authenticate(AuthRequest)
2024-10-21 12:27:07 DEBUG o.s.w.s.m.m.a.RequestResponseBodyMethodProcessor - Read "application/json;charset=UTF-8" to [AuthRequest(email=shivrajn0707@gmail.com, password=Test@123)]
2024-10-21 12:27:07 DEBUG org.hibernate.SQL - 
    select
        u1_0.user_id,
        u1_0.account_balance,
        u1_0.account_number,
        u1_0.address,
        u1_0.alternative_phone_number,
        u1_0.created_date_time,
        u1_0.daily_limit,
        u1_0.email,
        u1_0.email_verified,
        u1_0.first_name,
        u1_0.gender,
        u1_0.is_active,
        u1_0.last_name,
        u1_0.last_transaction_date,
        u1_0.modified_at,
        u1_0.other_name,
        u1_0.password,
        u1_0.phone_number,
        u1_0.phone_number_verified,
        u1_0.referral_id,
        u1_0.role,
        u1_0.spent_today,
        u1_0.state_of_origin,
        u1_0.status 
    from
        apna_users u1_0 
    where
        u1_0.email=?
2024-10-21 12:27:07 DEBUG org.hibernate.SQL - 
    select
        u1_0.user_id,
        u1_0.account_balance,
        u1_0.account_number,
        u1_0.address,
        u1_0.alternative_phone_number,
        u1_0.created_date_time,
        u1_0.daily_limit,
        u1_0.email,
        u1_0.email_verified,
        u1_0.first_name,
        u1_0.gender,
        u1_0.is_active,
        u1_0.last_name,
        u1_0.last_transaction_date,
        u1_0.modified_at,
        u1_0.other_name,
        u1_0.password,
        u1_0.phone_number,
        u1_0.phone_number_verified,
        u1_0.referral_id,
        u1_0.role,
        u1_0.spent_today,
        u1_0.state_of_origin,
        u1_0.status 
    from
        apna_users u1_0 
    where
        u1_0.email=?
2024-10-21 12:27:07 DEBUG o.s.w.s.m.m.a.HttpEntityMethodProcessor - Using 'application/json', given [application/json, text/plain, */*] and supported [application/json, application/*+json]
2024-10-21 12:27:07 DEBUG o.s.w.s.m.m.a.HttpEntityMethodProcessor - Writing [AuthResponse(token=eyJhbGciOiJIUzI1NiJ9.eyJzdWIiOiJzaGl2cmFqbjA3MDdAZ21haWwuY29tIiwiaWF0IjoxNzI5NDkz (truncated)...]
2024-10-21 12:27:07 DEBUG o.s.web.servlet.DispatcherServlet - Completed 200 OK
2024-10-21 12:27:13 DEBUG org.hibernate.SQL - 
    select
        u1_0.user_id,
        u1_0.account_balance,
        u1_0.account_number,
        u1_0.address,
        u1_0.alternative_phone_number,
        u1_0.created_date_time,
        u1_0.daily_limit,
        u1_0.email,
        u1_0.email_verified,
        u1_0.first_name,
        u1_0.gender,
        u1_0.is_active,
        u1_0.last_name,
        u1_0.last_transaction_date,
        u1_0.modified_at,
        u1_0.other_name,
        u1_0.password,
        u1_0.phone_number,
        u1_0.phone_number_verified,
        u1_0.referral_id,
        u1_0.role,
        u1_0.spent_today,
        u1_0.state_of_origin,
        u1_0.status 
    from
        apna_users u1_0 
    where
        u1_0.email=?
2024-10-21 12:27:13 DEBUG o.s.web.servlet.DispatcherServlet - GET "/api/users/details", parameters={}
2024-10-21 12:27:13 DEBUG o.s.w.s.m.m.a.RequestMappingHandlerMapping - Mapped to com.Wallet.Application.Controller.UserController#getAccountDetails(HttpServletRequest)
2024-10-21 12:27:13 DEBUG org.hibernate.SQL - 
    select
        u1_0.user_id,
        u1_0.account_balance,
        u1_0.account_number,
        u1_0.address,
        u1_0.alternative_phone_number,
        u1_0.created_date_time,
        u1_0.daily_limit,
        u1_0.email,
        u1_0.email_verified,
        u1_0.first_name,
        u1_0.gender,
        u1_0.is_active,
        u1_0.last_name,
        u1_0.last_transaction_date,
        u1_0.modified_at,
        u1_0.other_name,
        u1_0.password,
        u1_0.phone_number,
        u1_0.phone_number_verified,
        u1_0.referral_id,
        u1_0.role,
        u1_0.spent_today,
        u1_0.state_of_origin,
        u1_0.status 
    from
        apna_users u1_0 
    where
        u1_0.email=?
2024-10-21 12:27:13 INFO  c.W.A.ServiceImpl.UserServiceImpl - User id extracted from Token: 21
2024-10-21 12:27:13 DEBUG o.s.w.s.m.m.a.RequestResponseBodyMethodProcessor - Using 'application/json', given [*/*] and supported [application/json, application/*+json]
2024-10-21 12:27:13 DEBUG o.s.w.s.m.m.a.RequestResponseBodyMethodProcessor - Writing [BankResponse(responseCode=200, responseMessage=User Found Sucessfully, accountInfo=null, authRespons (truncated)...]
2024-10-21 12:27:13 DEBUG o.s.web.servlet.DispatcherServlet - Completed 200 OK
2024-10-21 12:27:13 DEBUG org.hibernate.SQL - 
    select
        u1_0.user_id,
        u1_0.account_balance,
        u1_0.account_number,
        u1_0.address,
        u1_0.alternative_phone_number,
        u1_0.created_date_time,
        u1_0.daily_limit,
        u1_0.email,
        u1_0.email_verified,
        u1_0.first_name,
        u1_0.gender,
        u1_0.is_active,
        u1_0.last_name,
        u1_0.last_transaction_date,
        u1_0.modified_at,
        u1_0.other_name,
        u1_0.password,
        u1_0.phone_number,
        u1_0.phone_number_verified,
        u1_0.referral_id,
        u1_0.role,
        u1_0.spent_today,
        u1_0.state_of_origin,
        u1_0.status 
    from
        apna_users u1_0 
    where
        u1_0.email=?
2024-10-21 12:27:13 DEBUG o.s.web.servlet.DispatcherServlet - GET "/api/users/details", parameters={}
2024-10-21 12:27:13 DEBUG o.s.w.s.m.m.a.RequestMappingHandlerMapping - Mapped to com.Wallet.Application.Controller.UserController#getAccountDetails(HttpServletRequest)
2024-10-21 12:27:13 DEBUG org.hibernate.SQL - 
    select
        u1_0.user_id,
        u1_0.account_balance,
        u1_0.account_number,
        u1_0.address,
        u1_0.alternative_phone_number,
        u1_0.created_date_time,
        u1_0.daily_limit,
        u1_0.email,
        u1_0.email_verified,
        u1_0.first_name,
        u1_0.gender,
        u1_0.is_active,
        u1_0.last_name,
        u1_0.last_transaction_date,
        u1_0.modified_at,
        u1_0.other_name,
        u1_0.password,
        u1_0.phone_number,
        u1_0.phone_number_verified,
        u1_0.referral_id,
        u1_0.role,
        u1_0.spent_today,
        u1_0.state_of_origin,
        u1_0.status 
    from
        apna_users u1_0 
    where
        u1_0.email=?
2024-10-21 12:27:13 INFO  c.W.A.ServiceImpl.UserServiceImpl - User id extracted from Token: 21
2024-10-21 12:27:13 DEBUG o.s.w.s.m.m.a.RequestResponseBodyMethodProcessor - Using 'application/json', given [*/*] and supported [application/json, application/*+json]
2024-10-21 12:27:13 DEBUG o.s.w.s.m.m.a.RequestResponseBodyMethodProcessor - Writing [BankResponse(responseCode=200, responseMessage=User Found Sucessfully, accountInfo=null, authRespons (truncated)...]
2024-10-21 12:27:13 DEBUG o.s.web.servlet.DispatcherServlet - Completed 200 OK
2024-10-21 12:27:36 DEBUG org.hibernate.SQL - 
    select
        u1_0.user_id,
        u1_0.account_balance,
        u1_0.account_number,
        u1_0.address,
        u1_0.alternative_phone_number,
        u1_0.created_date_time,
        u1_0.daily_limit,
        u1_0.email,
        u1_0.email_verified,
        u1_0.first_name,
        u1_0.gender,
        u1_0.is_active,
        u1_0.last_name,
        u1_0.last_transaction_date,
        u1_0.modified_at,
        u1_0.other_name,
        u1_0.password,
        u1_0.phone_number,
        u1_0.phone_number_verified,
        u1_0.referral_id,
        u1_0.role,
        u1_0.spent_today,
        u1_0.state_of_origin,
        u1_0.status 
    from
        apna_users u1_0 
    where
        u1_0.email=?
2024-10-21 12:27:36 DEBUG o.s.web.servlet.DispatcherServlet - GET "/api/users/details", parameters={}
2024-10-21 12:27:36 DEBUG o.s.w.s.m.m.a.RequestMappingHandlerMapping - Mapped to com.Wallet.Application.Controller.UserController#getAccountDetails(HttpServletRequest)
2024-10-21 12:27:36 DEBUG org.hibernate.SQL - 
    select
        u1_0.user_id,
        u1_0.account_balance,
        u1_0.account_number,
        u1_0.address,
        u1_0.alternative_phone_number,
        u1_0.created_date_time,
        u1_0.daily_limit,
        u1_0.email,
        u1_0.email_verified,
        u1_0.first_name,
        u1_0.gender,
        u1_0.is_active,
        u1_0.last_name,
        u1_0.last_transaction_date,
        u1_0.modified_at,
        u1_0.other_name,
        u1_0.password,
        u1_0.phone_number,
        u1_0.phone_number_verified,
        u1_0.referral_id,
        u1_0.role,
        u1_0.spent_today,
        u1_0.state_of_origin,
        u1_0.status 
    from
        apna_users u1_0 
    where
        u1_0.email=?
2024-10-21 12:27:36 INFO  c.W.A.ServiceImpl.UserServiceImpl - User id extracted from Token: 21
2024-10-21 12:27:36 DEBUG o.s.w.s.m.m.a.RequestResponseBodyMethodProcessor - Using 'application/json', given [*/*] and supported [application/json, application/*+json]
2024-10-21 12:27:36 DEBUG o.s.w.s.m.m.a.RequestResponseBodyMethodProcessor - Writing [BankResponse(responseCode=200, responseMessage=User Found Sucessfully, accountInfo=null, authRespons (truncated)...]
2024-10-21 12:27:36 DEBUG o.s.web.servlet.DispatcherServlet - Completed 200 OK
2024-10-21 12:27:36 DEBUG org.hibernate.SQL - 
    select
        u1_0.user_id,
        u1_0.account_balance,
        u1_0.account_number,
        u1_0.address,
        u1_0.alternative_phone_number,
        u1_0.created_date_time,
        u1_0.daily_limit,
        u1_0.email,
        u1_0.email_verified,
        u1_0.first_name,
        u1_0.gender,
        u1_0.is_active,
        u1_0.last_name,
        u1_0.last_transaction_date,
        u1_0.modified_at,
        u1_0.other_name,
        u1_0.password,
        u1_0.phone_number,
        u1_0.phone_number_verified,
        u1_0.referral_id,
        u1_0.role,
        u1_0.spent_today,
        u1_0.state_of_origin,
        u1_0.status 
    from
        apna_users u1_0 
    where
        u1_0.email=?
2024-10-21 12:27:36 DEBUG o.s.web.servlet.DispatcherServlet - GET "/api/users/details", parameters={}
2024-10-21 12:27:36 DEBUG o.s.w.s.m.m.a.RequestMappingHandlerMapping - Mapped to com.Wallet.Application.Controller.UserController#getAccountDetails(HttpServletRequest)
2024-10-21 12:27:36 DEBUG org.hibernate.SQL - 
    select
        u1_0.user_id,
        u1_0.account_balance,
        u1_0.account_number,
        u1_0.address,
        u1_0.alternative_phone_number,
        u1_0.created_date_time,
        u1_0.daily_limit,
        u1_0.email,
        u1_0.email_verified,
        u1_0.first_name,
        u1_0.gender,
        u1_0.is_active,
        u1_0.last_name,
        u1_0.last_transaction_date,
        u1_0.modified_at,
        u1_0.other_name,
        u1_0.password,
        u1_0.phone_number,
        u1_0.phone_number_verified,
        u1_0.referral_id,
        u1_0.role,
        u1_0.spent_today,
        u1_0.state_of_origin,
        u1_0.status 
    from
        apna_users u1_0 
    where
        u1_0.email=?
2024-10-21 12:27:36 INFO  c.W.A.ServiceImpl.UserServiceImpl - User id extracted from Token: 21
2024-10-21 12:27:36 DEBUG o.s.w.s.m.m.a.RequestResponseBodyMethodProcessor - Using 'application/json', given [*/*] and supported [application/json, application/*+json]
2024-10-21 12:27:36 DEBUG o.s.w.s.m.m.a.RequestResponseBodyMethodProcessor - Writing [BankResponse(responseCode=200, responseMessage=User Found Sucessfully, accountInfo=null, authRespons (truncated)...]
2024-10-21 12:27:36 DEBUG o.s.web.servlet.DispatcherServlet - Completed 200 OK
2024-10-21 12:28:39 DEBUG org.hibernate.SQL - 
    select
        u1_0.user_id,
        u1_0.account_balance,
        u1_0.account_number,
        u1_0.address,
        u1_0.alternative_phone_number,
        u1_0.created_date_time,
        u1_0.daily_limit,
        u1_0.email,
        u1_0.email_verified,
        u1_0.first_name,
        u1_0.gender,
        u1_0.is_active,
        u1_0.last_name,
        u1_0.last_transaction_date,
        u1_0.modified_at,
        u1_0.other_name,
        u1_0.password,
        u1_0.phone_number,
        u1_0.phone_number_verified,
        u1_0.referral_id,
        u1_0.role,
        u1_0.spent_today,
        u1_0.state_of_origin,
        u1_0.status 
    from
        apna_users u1_0 
    where
        u1_0.email=?
2024-10-21 12:28:39 DEBUG o.s.web.servlet.DispatcherServlet - POST "/api/accountsettings/check-previous-password", parameters={}
2024-10-21 12:28:39 DEBUG o.s.w.s.m.m.a.RequestMappingHandlerMapping - Mapped to com.Wallet.Application.module.AccountSettings.controller.AccountsettingsController#checkPreviousPassword(CheckPreviousPasswordRequest, HttpServletRequest)
2024-10-21 12:28:39 DEBUG o.s.w.s.m.m.a.RequestResponseBodyMethodProcessor - Read "application/json;charset=UTF-8" to [CheckPreviousPasswordRequest(currentPassword=Test@123)]
2024-10-21 12:28:39 INFO  c.W.A.m.A.c.AccountsettingsController - Received request to check previous password for user.
2024-10-21 12:28:39 INFO  c.W.A.m.A.s.UpdateAccountdetailsServiceImpl - Extracted email from token: shivrajn0707@gmail.com
2024-10-21 12:28:39 DEBUG org.hibernate.SQL - 
    select
        u1_0.user_id,
        u1_0.account_balance,
        u1_0.account_number,
        u1_0.address,
        u1_0.alternative_phone_number,
        u1_0.created_date_time,
        u1_0.daily_limit,
        u1_0.email,
        u1_0.email_verified,
        u1_0.first_name,
        u1_0.gender,
        u1_0.is_active,
        u1_0.last_name,
        u1_0.last_transaction_date,
        u1_0.modified_at,
        u1_0.other_name,
        u1_0.password,
        u1_0.phone_number,
        u1_0.phone_number_verified,
        u1_0.referral_id,
        u1_0.role,
        u1_0.spent_today,
        u1_0.state_of_origin,
        u1_0.status 
    from
        apna_users u1_0 
    where
        u1_0.email=?
2024-10-21 12:28:39 INFO  c.W.A.m.A.s.UpdateAccountdetailsServiceImpl - User found with email: shivrajn0707@gmail.com and ID: 21
2024-10-21 12:28:40 INFO  c.W.A.m.A.s.UpdateAccountdetailsServiceImpl - Current password matches the previous password for user ID: 21
2024-10-21 12:28:40 INFO  c.W.A.m.A.s.UpdateAccountdetailsServiceImpl - Password check successful for user ID: 21
2024-10-21 12:28:40 INFO  c.W.A.m.A.c.AccountsettingsController - Password check successful for user.
2024-10-21 12:28:40 DEBUG o.s.w.s.m.m.a.RequestResponseBodyMethodProcessor - Using 'application/json', given [*/*] and supported [application/json, application/*+json]
2024-10-21 12:28:40 DEBUG o.s.w.s.m.m.a.RequestResponseBodyMethodProcessor - Writing [BankResponse(responseCode=200, responseMessage=Password match successfully!, accountInfo=null, authR (truncated)...]
2024-10-21 12:28:40 DEBUG o.s.web.servlet.DispatcherServlet - Completed 200 OK
2024-10-21 12:28:40 DEBUG org.hibernate.SQL - 
    select
        u1_0.user_id,
        u1_0.account_balance,
        u1_0.account_number,
        u1_0.address,
        u1_0.alternative_phone_number,
        u1_0.created_date_time,
        u1_0.daily_limit,
        u1_0.email,
        u1_0.email_verified,
        u1_0.first_name,
        u1_0.gender,
        u1_0.is_active,
        u1_0.last_name,
        u1_0.last_transaction_date,
        u1_0.modified_at,
        u1_0.other_name,
        u1_0.password,
        u1_0.phone_number,
        u1_0.phone_number_verified,
        u1_0.referral_id,
        u1_0.role,
        u1_0.spent_today,
        u1_0.state_of_origin,
        u1_0.status 
    from
        apna_users u1_0 
    where
        u1_0.email=?
2024-10-21 12:28:40 DEBUG o.s.web.servlet.DispatcherServlet - PUT "/api/accountsettings/change-password", parameters={}
2024-10-21 12:28:40 DEBUG o.s.w.s.m.m.a.RequestMappingHandlerMapping - Mapped to com.Wallet.Application.module.AccountSettings.controller.AccountsettingsController#updatePassword(ChangePasswordRequest, HttpServletRequest)
2024-10-21 12:28:40 DEBUG o.s.w.s.m.m.a.RequestResponseBodyMethodProcessor - Read "application/json;charset=UTF-8" to [ChangePasswordRequest(newPassword=Test@1234, conformPassword=Test@1234)]
2024-10-21 12:28:40 INFO  c.W.A.m.A.s.UpdateAccountdetailsServiceImpl - Extracted email from token: shivrajn0707@gmail.com
2024-10-21 12:28:40 DEBUG org.hibernate.SQL - 
    select
        u1_0.user_id,
        u1_0.account_balance,
        u1_0.account_number,
        u1_0.address,
        u1_0.alternative_phone_number,
        u1_0.created_date_time,
        u1_0.daily_limit,
        u1_0.email,
        u1_0.email_verified,
        u1_0.first_name,
        u1_0.gender,
        u1_0.is_active,
        u1_0.last_name,
        u1_0.last_transaction_date,
        u1_0.modified_at,
        u1_0.other_name,
        u1_0.password,
        u1_0.phone_number,
        u1_0.phone_number_verified,
        u1_0.referral_id,
        u1_0.role,
        u1_0.spent_today,
        u1_0.state_of_origin,
        u1_0.status 
    from
        apna_users u1_0 
    where
        u1_0.email=?
2024-10-21 12:28:40 INFO  c.W.A.m.A.s.UpdateAccountdetailsServiceImpl - User found with email: shivrajn0707@gmail.com and ID: 21
2024-10-21 12:28:40 INFO  c.W.A.m.A.s.UpdateAccountdetailsServiceImpl - Attempting to update password for user ID: 21
2024-10-21 12:28:40 DEBUG org.hibernate.SQL - 
    update
        apna_users 
    set
        account_balance=?,
        account_number=?,
        address=?,
        alternative_phone_number=?,
        created_date_time=?,
        daily_limit=?,
        email=?,
        email_verified=?,
        first_name=?,
        gender=?,
        is_active=?,
        last_name=?,
        last_transaction_date=?,
        modified_at=?,
        other_name=?,
        password=?,
        phone_number=?,
        phone_number_verified=?,
        referral_id=?,
        role=?,
        spent_today=?,
        state_of_origin=?,
        status=? 
    where
        user_id=?
2024-10-21 12:28:40 INFO  c.W.A.m.A.s.UpdateAccountdetailsServiceImpl - Password updated successfully for user ID: 21
2024-10-21 12:28:40 DEBUG o.s.w.s.m.m.a.HttpEntityMethodProcessor - Using 'application/json', given [*/*] and supported [application/json, application/*+json]
2024-10-21 12:28:40 DEBUG o.s.w.s.m.m.a.HttpEntityMethodProcessor - Writing [BankResponse(responseCode=200, responseMessage=Password changed successfully!, accountInfo=null, aut (truncated)...]
2024-10-21 12:28:40 DEBUG o.s.web.servlet.DispatcherServlet - Completed 200 OK
2024-10-21 12:28:46 DEBUG org.hibernate.SQL - 
    select
        u1_0.user_id,
        u1_0.account_balance,
        u1_0.account_number,
        u1_0.address,
        u1_0.alternative_phone_number,
        u1_0.created_date_time,
        u1_0.daily_limit,
        u1_0.email,
        u1_0.email_verified,
        u1_0.first_name,
        u1_0.gender,
        u1_0.is_active,
        u1_0.last_name,
        u1_0.last_transaction_date,
        u1_0.modified_at,
        u1_0.other_name,
        u1_0.password,
        u1_0.phone_number,
        u1_0.phone_number_verified,
        u1_0.referral_id,
        u1_0.role,
        u1_0.spent_today,
        u1_0.state_of_origin,
        u1_0.status 
    from
        apna_users u1_0 
    where
        u1_0.email=?
2024-10-21 12:28:46 DEBUG o.s.web.servlet.DispatcherServlet - GET "/api/users/details", parameters={}
2024-10-21 12:28:46 DEBUG o.s.w.s.m.m.a.RequestMappingHandlerMapping - Mapped to com.Wallet.Application.Controller.UserController#getAccountDetails(HttpServletRequest)
2024-10-21 12:28:46 DEBUG org.hibernate.SQL - 
    select
        u1_0.user_id,
        u1_0.account_balance,
        u1_0.account_number,
        u1_0.address,
        u1_0.alternative_phone_number,
        u1_0.created_date_time,
        u1_0.daily_limit,
        u1_0.email,
        u1_0.email_verified,
        u1_0.first_name,
        u1_0.gender,
        u1_0.is_active,
        u1_0.last_name,
        u1_0.last_transaction_date,
        u1_0.modified_at,
        u1_0.other_name,
        u1_0.password,
        u1_0.phone_number,
        u1_0.phone_number_verified,
        u1_0.referral_id,
        u1_0.role,
        u1_0.spent_today,
        u1_0.state_of_origin,
        u1_0.status 
    from
        apna_users u1_0 
    where
        u1_0.email=?
2024-10-21 12:28:46 INFO  c.W.A.ServiceImpl.UserServiceImpl - User id extracted from Token: 21
2024-10-21 12:28:46 DEBUG o.s.w.s.m.m.a.RequestResponseBodyMethodProcessor - Using 'application/json', given [*/*] and supported [application/json, application/*+json]
2024-10-21 12:28:46 DEBUG o.s.w.s.m.m.a.RequestResponseBodyMethodProcessor - Writing [BankResponse(responseCode=200, responseMessage=User Found Sucessfully, accountInfo=null, authRespons (truncated)...]
2024-10-21 12:28:46 DEBUG o.s.web.servlet.DispatcherServlet - Completed 200 OK
2024-10-21 12:28:46 DEBUG org.hibernate.SQL - 
    select
        u1_0.user_id,
        u1_0.account_balance,
        u1_0.account_number,
        u1_0.address,
        u1_0.alternative_phone_number,
        u1_0.created_date_time,
        u1_0.daily_limit,
        u1_0.email,
        u1_0.email_verified,
        u1_0.first_name,
        u1_0.gender,
        u1_0.is_active,
        u1_0.last_name,
        u1_0.last_transaction_date,
        u1_0.modified_at,
        u1_0.other_name,
        u1_0.password,
        u1_0.phone_number,
        u1_0.phone_number_verified,
        u1_0.referral_id,
        u1_0.role,
        u1_0.spent_today,
        u1_0.state_of_origin,
        u1_0.status 
    from
        apna_users u1_0 
    where
        u1_0.email=?
2024-10-21 12:28:46 DEBUG o.s.web.servlet.DispatcherServlet - GET "/api/users/details", parameters={}
2024-10-21 12:28:46 DEBUG o.s.w.s.m.m.a.RequestMappingHandlerMapping - Mapped to com.Wallet.Application.Controller.UserController#getAccountDetails(HttpServletRequest)
2024-10-21 12:28:46 DEBUG org.hibernate.SQL - 
    select
        u1_0.user_id,
        u1_0.account_balance,
        u1_0.account_number,
        u1_0.address,
        u1_0.alternative_phone_number,
        u1_0.created_date_time,
        u1_0.daily_limit,
        u1_0.email,
        u1_0.email_verified,
        u1_0.first_name,
        u1_0.gender,
        u1_0.is_active,
        u1_0.last_name,
        u1_0.last_transaction_date,
        u1_0.modified_at,
        u1_0.other_name,
        u1_0.password,
        u1_0.phone_number,
        u1_0.phone_number_verified,
        u1_0.referral_id,
        u1_0.role,
        u1_0.spent_today,
        u1_0.state_of_origin,
        u1_0.status 
    from
        apna_users u1_0 
    where
        u1_0.email=?
2024-10-21 12:28:46 INFO  c.W.A.ServiceImpl.UserServiceImpl - User id extracted from Token: 21
2024-10-21 12:28:46 DEBUG o.s.w.s.m.m.a.RequestResponseBodyMethodProcessor - Using 'application/json', given [*/*] and supported [application/json, application/*+json]
2024-10-21 12:28:46 DEBUG o.s.w.s.m.m.a.RequestResponseBodyMethodProcessor - Writing [BankResponse(responseCode=200, responseMessage=User Found Sucessfully, accountInfo=null, authRespons (truncated)...]
2024-10-21 12:28:46 DEBUG o.s.web.servlet.DispatcherServlet - Completed 200 OK
2024-10-21 12:28:54 DEBUG org.hibernate.SQL - 
    select
        u1_0.user_id,
        u1_0.account_balance,
        u1_0.account_number,
        u1_0.address,
        u1_0.alternative_phone_number,
        u1_0.created_date_time,
        u1_0.daily_limit,
        u1_0.email,
        u1_0.email_verified,
        u1_0.first_name,
        u1_0.gender,
        u1_0.is_active,
        u1_0.last_name,
        u1_0.last_transaction_date,
        u1_0.modified_at,
        u1_0.other_name,
        u1_0.password,
        u1_0.phone_number,
        u1_0.phone_number_verified,
        u1_0.referral_id,
        u1_0.role,
        u1_0.spent_today,
        u1_0.state_of_origin,
        u1_0.status 
    from
        apna_users u1_0 
    where
        u1_0.email=?
2024-10-21 12:28:54 DEBUG o.s.web.servlet.DispatcherServlet - GET "/api/users/details", parameters={}
2024-10-21 12:28:54 DEBUG o.s.w.s.m.m.a.RequestMappingHandlerMapping - Mapped to com.Wallet.Application.Controller.UserController#getAccountDetails(HttpServletRequest)
2024-10-21 12:28:54 DEBUG org.hibernate.SQL - 
    select
        u1_0.user_id,
        u1_0.account_balance,
        u1_0.account_number,
        u1_0.address,
        u1_0.alternative_phone_number,
        u1_0.created_date_time,
        u1_0.daily_limit,
        u1_0.email,
        u1_0.email_verified,
        u1_0.first_name,
        u1_0.gender,
        u1_0.is_active,
        u1_0.last_name,
        u1_0.last_transaction_date,
        u1_0.modified_at,
        u1_0.other_name,
        u1_0.password,
        u1_0.phone_number,
        u1_0.phone_number_verified,
        u1_0.referral_id,
        u1_0.role,
        u1_0.spent_today,
        u1_0.state_of_origin,
        u1_0.status 
    from
        apna_users u1_0 
    where
        u1_0.email=?
2024-10-21 12:28:54 INFO  c.W.A.ServiceImpl.UserServiceImpl - User id extracted from Token: 21
2024-10-21 12:28:54 DEBUG o.s.w.s.m.m.a.RequestResponseBodyMethodProcessor - Using 'application/json', given [*/*] and supported [application/json, application/*+json]
2024-10-21 12:28:54 DEBUG o.s.w.s.m.m.a.RequestResponseBodyMethodProcessor - Writing [BankResponse(responseCode=200, responseMessage=User Found Sucessfully, accountInfo=null, authRespons (truncated)...]
2024-10-21 12:28:54 DEBUG o.s.web.servlet.DispatcherServlet - Completed 200 OK
2024-10-21 12:28:54 DEBUG org.hibernate.SQL - 
    select
        u1_0.user_id,
        u1_0.account_balance,
        u1_0.account_number,
        u1_0.address,
        u1_0.alternative_phone_number,
        u1_0.created_date_time,
        u1_0.daily_limit,
        u1_0.email,
        u1_0.email_verified,
        u1_0.first_name,
        u1_0.gender,
        u1_0.is_active,
        u1_0.last_name,
        u1_0.last_transaction_date,
        u1_0.modified_at,
        u1_0.other_name,
        u1_0.password,
        u1_0.phone_number,
        u1_0.phone_number_verified,
        u1_0.referral_id,
        u1_0.role,
        u1_0.spent_today,
        u1_0.state_of_origin,
        u1_0.status 
    from
        apna_users u1_0 
    where
        u1_0.email=?
2024-10-21 12:28:54 DEBUG o.s.web.servlet.DispatcherServlet - GET "/api/users/details", parameters={}
2024-10-21 12:28:54 DEBUG o.s.w.s.m.m.a.RequestMappingHandlerMapping - Mapped to com.Wallet.Application.Controller.UserController#getAccountDetails(HttpServletRequest)
2024-10-21 12:28:54 DEBUG org.hibernate.SQL - 
    select
        u1_0.user_id,
        u1_0.account_balance,
        u1_0.account_number,
        u1_0.address,
        u1_0.alternative_phone_number,
        u1_0.created_date_time,
        u1_0.daily_limit,
        u1_0.email,
        u1_0.email_verified,
        u1_0.first_name,
        u1_0.gender,
        u1_0.is_active,
        u1_0.last_name,
        u1_0.last_transaction_date,
        u1_0.modified_at,
        u1_0.other_name,
        u1_0.password,
        u1_0.phone_number,
        u1_0.phone_number_verified,
        u1_0.referral_id,
        u1_0.role,
        u1_0.spent_today,
        u1_0.state_of_origin,
        u1_0.status 
    from
        apna_users u1_0 
    where
        u1_0.email=?
2024-10-21 12:28:54 INFO  c.W.A.ServiceImpl.UserServiceImpl - User id extracted from Token: 21
2024-10-21 12:28:54 DEBUG o.s.w.s.m.m.a.RequestResponseBodyMethodProcessor - Using 'application/json', given [*/*] and supported [application/json, application/*+json]
2024-10-21 12:28:54 DEBUG o.s.w.s.m.m.a.RequestResponseBodyMethodProcessor - Writing [BankResponse(responseCode=200, responseMessage=User Found Sucessfully, accountInfo=null, authRespons (truncated)...]
2024-10-21 12:28:54 DEBUG o.s.web.servlet.DispatcherServlet - Completed 200 OK
2024-10-21 12:29:00 DEBUG o.s.web.servlet.DispatcherServlet - POST "/api/v1/auth/login", parameters={}
2024-10-21 12:29:00 DEBUG o.s.w.s.m.m.a.RequestMappingHandlerMapping - Mapped to com.Wallet.Application.module.security.authentication.AuthController#authenticate(AuthRequest)
2024-10-21 12:29:00 DEBUG o.s.w.s.m.m.a.RequestResponseBodyMethodProcessor - Read "application/json;charset=UTF-8" to [AuthRequest(email=shivrajn0707@gmail.com, password=Test@1234)]
2024-10-21 12:29:00 DEBUG org.hibernate.SQL - 
    select
        u1_0.user_id,
        u1_0.account_balance,
        u1_0.account_number,
        u1_0.address,
        u1_0.alternative_phone_number,
        u1_0.created_date_time,
        u1_0.daily_limit,
        u1_0.email,
        u1_0.email_verified,
        u1_0.first_name,
        u1_0.gender,
        u1_0.is_active,
        u1_0.last_name,
        u1_0.last_transaction_date,
        u1_0.modified_at,
        u1_0.other_name,
        u1_0.password,
        u1_0.phone_number,
        u1_0.phone_number_verified,
        u1_0.referral_id,
        u1_0.role,
        u1_0.spent_today,
        u1_0.state_of_origin,
        u1_0.status 
    from
        apna_users u1_0 
    where
        u1_0.email=?
2024-10-21 12:29:00 DEBUG org.hibernate.SQL - 
    select
        u1_0.user_id,
        u1_0.account_balance,
        u1_0.account_number,
        u1_0.address,
        u1_0.alternative_phone_number,
        u1_0.created_date_time,
        u1_0.daily_limit,
        u1_0.email,
        u1_0.email_verified,
        u1_0.first_name,
        u1_0.gender,
        u1_0.is_active,
        u1_0.last_name,
        u1_0.last_transaction_date,
        u1_0.modified_at,
        u1_0.other_name,
        u1_0.password,
        u1_0.phone_number,
        u1_0.phone_number_verified,
        u1_0.referral_id,
        u1_0.role,
        u1_0.spent_today,
        u1_0.state_of_origin,
        u1_0.status 
    from
        apna_users u1_0 
    where
        u1_0.email=?
2024-10-21 12:29:00 DEBUG o.s.w.s.m.m.a.HttpEntityMethodProcessor - Using 'application/json', given [application/json, text/plain, */*] and supported [application/json, application/*+json]
2024-10-21 12:29:00 DEBUG o.s.w.s.m.m.a.HttpEntityMethodProcessor - Writing [AuthResponse(token=eyJhbGciOiJIUzI1NiJ9.eyJzdWIiOiJzaGl2cmFqbjA3MDdAZ21haWwuY29tIiwiaWF0IjoxNzI5NDkz (truncated)...]
2024-10-21 12:29:00 DEBUG o.s.web.servlet.DispatcherServlet - Completed 200 OK
2024-10-21 12:29:54 DEBUG o.s.web.servlet.DispatcherServlet - POST "/api/v1/auth/login", parameters={}
2024-10-21 12:29:54 DEBUG o.s.w.s.m.m.a.RequestMappingHandlerMapping - Mapped to com.Wallet.Application.module.security.authentication.AuthController#authenticate(AuthRequest)
2024-10-21 12:29:54 DEBUG o.s.w.s.m.m.a.RequestResponseBodyMethodProcessor - Read "application/json;charset=UTF-8" to [AuthRequest(email=shivrajn0707@gmail.com, password=Test@12)]
2024-10-21 12:29:54 DEBUG org.hibernate.SQL - 
    select
        u1_0.user_id,
        u1_0.account_balance,
        u1_0.account_number,
        u1_0.address,
        u1_0.alternative_phone_number,
        u1_0.created_date_time,
        u1_0.daily_limit,
        u1_0.email,
        u1_0.email_verified,
        u1_0.first_name,
        u1_0.gender,
        u1_0.is_active,
        u1_0.last_name,
        u1_0.last_transaction_date,
        u1_0.modified_at,
        u1_0.other_name,
        u1_0.password,
        u1_0.phone_number,
        u1_0.phone_number_verified,
        u1_0.referral_id,
        u1_0.role,
        u1_0.spent_today,
        u1_0.state_of_origin,
        u1_0.status 
    from
        apna_users u1_0 
    where
        u1_0.email=?
2024-10-21 12:29:54 DEBUG o.s.w.s.m.m.a.ExceptionHandlerExceptionResolver - Using @ExceptionHandler com.Wallet.Application.module.security.exception.GlobalExceptionHandler#handleBadCredentialsException(BadCredentialsException)
2024-10-21 12:29:54 DEBUG o.s.w.s.m.m.a.HttpEntityMethodProcessor - Using 'application/json', given [application/json, text/plain, */*] and supported [text/plain, */*, application/json, application/*+json]
2024-10-21 12:29:54 DEBUG o.s.w.s.m.m.a.HttpEntityMethodProcessor - Writing ["Invalid username or password"]
2024-10-21 12:29:54 DEBUG o.s.w.s.m.m.a.ExceptionHandlerExceptionResolver - Resolved [org.springframework.security.authentication.BadCredentialsException: Bad credentials]
2024-10-21 12:29:54 DEBUG o.s.web.servlet.DispatcherServlet - Completed 401 UNAUTHORIZED
2024-10-21 12:31:33 DEBUG o.s.web.servlet.DispatcherServlet - POST "/api/v1/auth/login", parameters={}
2024-10-21 12:31:33 DEBUG o.s.w.s.m.m.a.RequestMappingHandlerMapping - Mapped to com.Wallet.Application.module.security.authentication.AuthController#authenticate(AuthRequest)
2024-10-21 12:31:33 DEBUG o.s.w.s.m.m.a.RequestResponseBodyMethodProcessor - Read "application/json;charset=UTF-8" to [AuthRequest(email=shivrajn0707@gmail.com, password=Test@1234)]
2024-10-21 12:31:33 DEBUG org.hibernate.SQL - 
    select
        u1_0.user_id,
        u1_0.account_balance,
        u1_0.account_number,
        u1_0.address,
        u1_0.alternative_phone_number,
        u1_0.created_date_time,
        u1_0.daily_limit,
        u1_0.email,
        u1_0.email_verified,
        u1_0.first_name,
        u1_0.gender,
        u1_0.is_active,
        u1_0.last_name,
        u1_0.last_transaction_date,
        u1_0.modified_at,
        u1_0.other_name,
        u1_0.password,
        u1_0.phone_number,
        u1_0.phone_number_verified,
        u1_0.referral_id,
        u1_0.role,
        u1_0.spent_today,
        u1_0.state_of_origin,
        u1_0.status 
    from
        apna_users u1_0 
    where
        u1_0.email=?
2024-10-21 12:31:33 DEBUG org.hibernate.SQL - 
    select
        u1_0.user_id,
        u1_0.account_balance,
        u1_0.account_number,
        u1_0.address,
        u1_0.alternative_phone_number,
        u1_0.created_date_time,
        u1_0.daily_limit,
        u1_0.email,
        u1_0.email_verified,
        u1_0.first_name,
        u1_0.gender,
        u1_0.is_active,
        u1_0.last_name,
        u1_0.last_transaction_date,
        u1_0.modified_at,
        u1_0.other_name,
        u1_0.password,
        u1_0.phone_number,
        u1_0.phone_number_verified,
        u1_0.referral_id,
        u1_0.role,
        u1_0.spent_today,
        u1_0.state_of_origin,
        u1_0.status 
    from
        apna_users u1_0 
    where
        u1_0.email=?
2024-10-21 12:31:33 DEBUG o.s.w.s.m.m.a.HttpEntityMethodProcessor - Using 'application/json', given [application/json, text/plain, */*] and supported [application/json, application/*+json]
2024-10-21 12:31:33 DEBUG o.s.w.s.m.m.a.HttpEntityMethodProcessor - Writing [AuthResponse(token=eyJhbGciOiJIUzI1NiJ9.eyJzdWIiOiJzaGl2cmFqbjA3MDdAZ21haWwuY29tIiwiaWF0IjoxNzI5NDk0 (truncated)...]
2024-10-21 12:31:33 DEBUG o.s.web.servlet.DispatcherServlet - Completed 200 OK
2024-10-21 12:31:43 DEBUG org.hibernate.SQL - 
    select
        u1_0.user_id,
        u1_0.account_balance,
        u1_0.account_number,
        u1_0.address,
        u1_0.alternative_phone_number,
        u1_0.created_date_time,
        u1_0.daily_limit,
        u1_0.email,
        u1_0.email_verified,
        u1_0.first_name,
        u1_0.gender,
        u1_0.is_active,
        u1_0.last_name,
        u1_0.last_transaction_date,
        u1_0.modified_at,
        u1_0.other_name,
        u1_0.password,
        u1_0.phone_number,
        u1_0.phone_number_verified,
        u1_0.referral_id,
        u1_0.role,
        u1_0.spent_today,
        u1_0.state_of_origin,
        u1_0.status 
    from
        apna_users u1_0 
    where
        u1_0.email=?
2024-10-21 12:31:43 DEBUG o.s.web.servlet.DispatcherServlet - GET "/api/users/details", parameters={}
2024-10-21 12:31:43 DEBUG o.s.w.s.m.m.a.RequestMappingHandlerMapping - Mapped to com.Wallet.Application.Controller.UserController#getAccountDetails(HttpServletRequest)
2024-10-21 12:31:43 DEBUG org.hibernate.SQL - 
    select
        u1_0.user_id,
        u1_0.account_balance,
        u1_0.account_number,
        u1_0.address,
        u1_0.alternative_phone_number,
        u1_0.created_date_time,
        u1_0.daily_limit,
        u1_0.email,
        u1_0.email_verified,
        u1_0.first_name,
        u1_0.gender,
        u1_0.is_active,
        u1_0.last_name,
        u1_0.last_transaction_date,
        u1_0.modified_at,
        u1_0.other_name,
        u1_0.password,
        u1_0.phone_number,
        u1_0.phone_number_verified,
        u1_0.referral_id,
        u1_0.role,
        u1_0.spent_today,
        u1_0.state_of_origin,
        u1_0.status 
    from
        apna_users u1_0 
    where
        u1_0.email=?
2024-10-21 12:31:43 INFO  c.W.A.ServiceImpl.UserServiceImpl - User id extracted from Token: 21
2024-10-21 12:31:43 DEBUG o.s.w.s.m.m.a.RequestResponseBodyMethodProcessor - Using 'application/json', given [*/*] and supported [application/json, application/*+json]
2024-10-21 12:31:43 DEBUG o.s.w.s.m.m.a.RequestResponseBodyMethodProcessor - Writing [BankResponse(responseCode=200, responseMessage=User Found Sucessfully, accountInfo=null, authRespons (truncated)...]
2024-10-21 12:31:43 DEBUG o.s.web.servlet.DispatcherServlet - Completed 200 OK
2024-10-21 12:31:43 DEBUG org.hibernate.SQL - 
    select
        u1_0.user_id,
        u1_0.account_balance,
        u1_0.account_number,
        u1_0.address,
        u1_0.alternative_phone_number,
        u1_0.created_date_time,
        u1_0.daily_limit,
        u1_0.email,
        u1_0.email_verified,
        u1_0.first_name,
        u1_0.gender,
        u1_0.is_active,
        u1_0.last_name,
        u1_0.last_transaction_date,
        u1_0.modified_at,
        u1_0.other_name,
        u1_0.password,
        u1_0.phone_number,
        u1_0.phone_number_verified,
        u1_0.referral_id,
        u1_0.role,
        u1_0.spent_today,
        u1_0.state_of_origin,
        u1_0.status 
    from
        apna_users u1_0 
    where
        u1_0.email=?
2024-10-21 12:31:43 DEBUG o.s.web.servlet.DispatcherServlet - GET "/api/users/details", parameters={}
2024-10-21 12:31:43 DEBUG o.s.w.s.m.m.a.RequestMappingHandlerMapping - Mapped to com.Wallet.Application.Controller.UserController#getAccountDetails(HttpServletRequest)
2024-10-21 12:31:43 DEBUG org.hibernate.SQL - 
    select
        u1_0.user_id,
        u1_0.account_balance,
        u1_0.account_number,
        u1_0.address,
        u1_0.alternative_phone_number,
        u1_0.created_date_time,
        u1_0.daily_limit,
        u1_0.email,
        u1_0.email_verified,
        u1_0.first_name,
        u1_0.gender,
        u1_0.is_active,
        u1_0.last_name,
        u1_0.last_transaction_date,
        u1_0.modified_at,
        u1_0.other_name,
        u1_0.password,
        u1_0.phone_number,
        u1_0.phone_number_verified,
        u1_0.referral_id,
        u1_0.role,
        u1_0.spent_today,
        u1_0.state_of_origin,
        u1_0.status 
    from
        apna_users u1_0 
    where
        u1_0.email=?
2024-10-21 12:31:43 INFO  c.W.A.ServiceImpl.UserServiceImpl - User id extracted from Token: 21
2024-10-21 12:31:43 DEBUG o.s.w.s.m.m.a.RequestResponseBodyMethodProcessor - Using 'application/json', given [*/*] and supported [application/json, application/*+json]
2024-10-21 12:31:43 DEBUG o.s.w.s.m.m.a.RequestResponseBodyMethodProcessor - Writing [BankResponse(responseCode=200, responseMessage=User Found Sucessfully, accountInfo=null, authRespons (truncated)...]
2024-10-21 12:31:43 DEBUG o.s.web.servlet.DispatcherServlet - Completed 200 OK
2024-10-21 12:31:47 DEBUG o.s.web.servlet.DispatcherServlet - POST "/api/v1/otp/generate", parameters={}
2024-10-21 12:31:47 DEBUG o.s.w.s.m.m.a.RequestMappingHandlerMapping - Mapped to com.Wallet.Application.Controller.OtpController#generateOtp(OtpRequest)
2024-10-21 12:31:47 DEBUG o.s.w.s.m.m.a.RequestResponseBodyMethodProcessor - Read "application/json;charset=UTF-8" to [OtpRequest(email=shivrajn0707@gmail.com, otp=null)]
2024-10-21 12:31:48 DEBUG org.hibernate.SQL - 
    select
        u1_0.user_id 
    from
        apna_users u1_0 
    where
        u1_0.email=? 
    fetch
        first ? rows only
2024-10-21 12:31:54 DEBUG o.s.w.s.m.m.a.RequestResponseBodyMethodProcessor - Using 'application/json', given [*/*] and supported [application/json, application/*+json]
2024-10-21 12:31:54 DEBUG o.s.w.s.m.m.a.RequestResponseBodyMethodProcessor - Writing [OtpResponse(responseCode=007, responseMessage=OTP generated and sent to email.)]
2024-10-21 12:31:54 DEBUG o.s.web.servlet.DispatcherServlet - Completed 200 OK
2024-10-21 12:31:59 DEBUG o.s.web.servlet.DispatcherServlet - POST "/api/v1/otp/generate", parameters={}
2024-10-21 12:31:59 DEBUG o.s.w.s.m.m.a.RequestMappingHandlerMapping - Mapped to com.Wallet.Application.Controller.OtpController#generateOtp(OtpRequest)
2024-10-21 12:31:59 DEBUG o.s.w.s.m.m.a.RequestResponseBodyMethodProcessor - Read "application/json;charset=UTF-8" to [OtpRequest(email=null, otp=null)]
2024-10-21 12:31:59 DEBUG o.s.w.s.m.m.a.RequestResponseBodyMethodProcessor - Using 'application/json', given [*/*] and supported [application/json, application/*+json]
2024-10-21 12:31:59 DEBUG o.s.w.s.m.m.a.RequestResponseBodyMethodProcessor - Writing [OtpResponse(responseCode=011, responseMessage=Email not found.)]
2024-10-21 12:31:59 DEBUG o.s.web.servlet.DispatcherServlet - Completed 200 OK
2024-10-21 12:32:09 DEBUG o.s.web.servlet.DispatcherServlet - POST "/api/v1/otp/generate", parameters={}
2024-10-21 12:32:09 DEBUG o.s.w.s.m.m.a.RequestMappingHandlerMapping - Mapped to com.Wallet.Application.Controller.OtpController#generateOtp(OtpRequest)
2024-10-21 12:32:09 DEBUG o.s.w.s.m.m.a.RequestResponseBodyMethodProcessor - Read "application/json;charset=UTF-8" to [OtpRequest(email=shivrajn0707@gmail.com, otp=null)]
2024-10-21 12:32:09 DEBUG org.hibernate.SQL - 
    select
        u1_0.user_id 
    from
        apna_users u1_0 
    where
        u1_0.email=? 
    fetch
        first ? rows only
2024-10-21 12:32:13 DEBUG o.s.w.s.m.m.a.RequestResponseBodyMethodProcessor - Using 'application/json', given [*/*] and supported [application/json, application/*+json]
2024-10-21 12:32:13 DEBUG o.s.w.s.m.m.a.RequestResponseBodyMethodProcessor - Writing [OtpResponse(responseCode=007, responseMessage=OTP generated and sent to email.)]
2024-10-21 12:32:13 DEBUG o.s.web.servlet.DispatcherServlet - Completed 200 OK
